[2025-10-18 03:07:01] ========================================
[2025-10-18 03:07:01] DAILY STOCK ALERT CHECK STARTED
[2025-10-18 03:07:01] ========================================
[2025-10-18 03:07:01] Running daily stock check...
[2025-10-18 03:07:01] 
[2025-10-18 03:07:01] ========================================
[2025-10-18 03:07:01] ERROR OCCURRED
[2025-10-18 03:07:01] ========================================
[2025-10-18 03:07:01] Error: SQLSTATE[HY000] [1045] Access denied for user ''@'localhost' (using password: NO)
[2025-10-18 03:07:01] File: C:\Users\Dell\OneDrive\Documents\Course\CT550\src\Core\DB.php
[2025-10-18 03:07:01] Line: 12
[2025-10-18 03:07:01] 
[2025-10-18 03:07:01] Stack Trace:
[2025-10-18 03:07:01] #0 C:\Users\Dell\OneDrive\Documents\Course\CT550\src\Core\DB.php(12): PDO->__construct('mysql:host=;dbn...', NULL, Object(SensitiveParameterValue), Array)
#1 C:\Users\Dell\OneDrive\Documents\Course\CT550\src\Services\DailyStockAlertService.php(23): App\Core\DB::pdo()
#2 C:\Users\Dell\OneDrive\Documents\Course\CT550\daily_stock_check.php(80): App\Services\DailyStockAlertService::runDailyCheck()
#3 {main}
[2025-10-18 03:07:01] 
[2025-10-18 03:07:01] ========================================
[2025-10-18 03:07:01] DAILY STOCK ALERT CHECK FAILED
[2025-10-18 03:07:01] Status: FAILED
[2025-10-18 03:07:01] ========================================
[2025-10-18 03:07:43] ========================================
[2025-10-18 03:07:43] DAILY STOCK ALERT CHECK STARTED
[2025-10-18 03:07:43] ========================================
[2025-10-18 03:07:43] Running daily stock check...
[2025-10-18 03:07:43] 
[2025-10-18 03:07:43] --- RESULTS ---
[2025-10-18 03:07:43] Reset old notifications: 24
[2025-10-18 03:07:43] Out of stock products: 6
[2025-10-18 03:07:43] Low stock products: 0
[2025-10-18 03:07:43] Total notifications created: 6
[2025-10-18 03:07:43] Timestamp: 2025-10-18 03:07:43
[2025-10-18 03:07:43] 
[2025-10-18 03:07:43] --- CURRENT STATISTICS ---
[2025-10-18 03:07:43] Active products: 8
[2025-10-18 03:07:43] Out of stock: 6
[2025-10-18 03:07:43] Low stock: 0
[2025-10-18 03:07:43] Critical (< 50% safety): 0
[2025-10-18 03:07:43] Total issues: 6
[2025-10-18 03:07:43] 
[2025-10-18 03:07:43] ========================================
[2025-10-18 03:07:43] DAILY STOCK ALERT CHECK COMPLETED
[2025-10-18 03:07:43] Status: SUCCESS
[2025-10-18 03:07:43] ========================================
[2025-10-18 03:11:18] ========================================
[2025-10-18 03:11:18] DAILY STOCK ALERT CHECK STARTED
[2025-10-18 03:11:18] ========================================
[2025-10-18 03:11:18] Running daily stock check...
[2025-10-18 03:11:18] 
[2025-10-18 03:11:18] --- RESULTS ---
[2025-10-18 03:11:18] Reset old notifications: 30
[2025-10-18 03:11:18] Out of stock products: 6
[2025-10-18 03:11:18] Low stock products: 0
[2025-10-18 03:11:18] Total notifications created: 6
[2025-10-18 03:11:18] Timestamp: 2025-10-18 03:11:18
[2025-10-18 03:11:18] 
[2025-10-18 03:11:18] --- CURRENT STATISTICS ---
[2025-10-18 03:11:18] Active products: 8
[2025-10-18 03:11:18] Out of stock: 6
[2025-10-18 03:11:18] Low stock: 0
[2025-10-18 03:11:18] Critical (< 50% safety): 0
[2025-10-18 03:11:18] Total issues: 6
[2025-10-18 03:11:18] 
[2025-10-18 03:11:18] ========================================
[2025-10-18 03:11:18] DAILY STOCK ALERT CHECK COMPLETED
[2025-10-18 03:11:18] Status: SUCCESS
[2025-10-18 03:11:18] ========================================
